Turbo Assembler	 Version 4.1	    03/01/26 15:44:22	    Page 1
regist~1.asm



      1				     .286
      2	0000			     .model tiny
      3	0000			     .code
      4				     org 100h
      5				     locals @@
      6
      7
      8	      =021C		     FRAME_FIRST_ELEM_OFFSET	     EQU (80d*3+30d)*2
      9	      =0402		     AX_VM_OFFSET		     EQU (80d*6+33d)*2
     10	      =0418		     CF_VM_OFFSET		     EQU (80d*6+44d)*2
     11
     12	      =B800		     SCREEN_VM_SEGMENT		     EQU 0b800h
     13	      =BE00		     SAVE_BUFFER_VM_SEGMENT	     EQU 0be00h
     14	      =BD00		     DRAW_BUFFER_VM_SEGMENT	     EQU 0bd00h
     15
     16	      =0014		     FRAME_ROW_WIDTH		     EQU 20d
     17	      =0013		     NUM_OF_FRAME_ROWS		     EQU 19d
     18
     19	      =0DFC		     SHADOW_LEFT_ELEM_OFFSET	     EQU (80d*22+30d)*2
     20	      =0007		     SHADOW_ATTRIBUTE		     EQU 07h
     21
     22	      =003F		     WHITE_ON_CYAN_ATTRIBUTE	     EQU 3Fh
     23	      =0007		     REG_STRING_LEN		     EQU 7h
     24	      =0003		     FLAG_STRING_LEN		     EQU 3h
     25
     26	0100			     Start:
     27	0100  E8 009B				     call replace09Int
     28	0103  E8 00BB				     call replace08Int
     29
     30	0106  9C				     pushf
     31	0107  0E				     push cs
     32	0108  E8 000F				     call registersDebugger09Int
     33
     34	010B  E8 0000				     call endResidentProgram
     35
     36
     37	010E			     endResidentProgram		 proc
     38
     39	010E  B8 3100						 mov ax, 3100h
     40	0111  BA 0B83r						 mov dx, offset	endOfProgram
     41	0114  C1 EA 04						 shr dx, 4
     42	0117  42						 inc dx
     43	0118  CD 21						 int 21h
     44
     45	011A			     endResidentProgram		 endp
     46				     ;-----------------------------------------------------------------------------------------------
     47				     -
     48				     ;Ends resident program.
     49				     ;Entry:
     50				     ;Exit:
     51				     ;Expected:	The label "endOfProgram" is located at the end of the code.
     52				     ;Destroyed: ax, dx
     53				     ;-----------------------------------------------------------------------------------------------
     54				     -
     55
     56	011A			     registersDebugger09Int	 proc
     57	011A  50 53 57 06					 push ax bx di es
Turbo Assembler	 Version 4.1	    03/01/26 15:44:22	    Page 2
regist~1.asm



     58
     59	011E  E4 60						 in al,	60h
     60	0120  3C 57						 cmp al, 'W'
     61	0122  74 1B						 je @@modeON
     62	0124  3C 58						 cmp al, 'X'
     63	0126  74 4B						 je @@modeOFF
     64
     65	0128  E4 61		     @@normalMode:		 in al,	61h
     66	012A  0C 80						 or al,	80h
     67	012C  E6 61						 out 61h, al
     68	012E  24 7F						 and al, not 80h
     69	0130  E6 61						 out 61h, al
     70
     71	0132  B0 20						 mov al, 20h
     72	0134  E6 20						 out 20h, al
     73
     74	0136  07 5F 5B 58					 pop es	di bx ax
     75
     76	013A  EA						 db 0eah
     77	013B  0000		     old09ofs			 dw 0
     78	013D  0000		     old09seg			 dw 0
     79
     80	013F  2E: 80 3E	0B4Ar 00     @@modeON:			 cmp cs:printfRegsFlag,	0
     81	0145  75 E1						 jne @@normalMode
     82	0147  BB 021C						 mov bx, FRAME_FIRST_ELEM_OFFSET
     83	014A  68 B800						 push SCREEN_VM_SEGMENT
     84	014D  1F						 pop ds
     85	014E  68 BE00						 push SAVE_BUFFER_VM_SEGMENT
     86	0151  07						 pop es
     87	0152  E8 04E8						 call copyFrame
     88	0155  B4 00						 mov ah, 0
     89	0157  E8 0545						 call copyShadow
     90
     91	015A  68 BE00						 push SAVE_BUFFER_VM_SEGMENT
     92	015D  1F						 pop ds
     93	015E  68 BD00						 push DRAW_BUFFER_VM_SEGMENT
     94	0161  07						 pop es
     95	0162  B4 01						 mov ah, 1
     96	0164  E8 0538						 call copyShadow
     97
     98
     99	0167  2E: C6 06	0B4Ar 01  +				 mov cs:printfRegsFlag,	1
    100	      90
    101	016E  E8 09BC						 call initChangingArrs
    102	0171  EB B5						 jmp @@normalMode
    103
    104	0173  2E: 80 3E	0B4Ar 01     @@modeOFF:			 cmp cs:printfRegsFlag,	1h
    105	0179  75 AD						 jne @@normalMode
    106
    107	017B  BB 021C						 mov bx, FRAME_FIRST_ELEM_OFFSET
    108
    109	017E  68 BE00						 push SAVE_BUFFER_VM_SEGMENT
    110	0181  1F						 pop ds
    111	0182  68 B800						 push SCREEN_VM_SEGMENT
    112	0185  07						 pop es
    113	0186  E8 04B4						 call copyFrame
    114	0189  B4 00						 mov ah, 0
Turbo Assembler	 Version 4.1	    03/01/26 15:44:22	    Page 3
regist~1.asm



    115	018B  E8 0511						 call copyShadow
    116
    117	018E  2E: C6 06	0B4Ar 00  +				 mov cs:printfRegsFlag,	0h
    118	      90
    119	0195  2E: C6 06	0B4Br 00  +				 mov cs:saveRegsFlag, 0h
    120	      90
    121	019C  EB 8A						 jmp @@normalMode
    122
    123	019E			     registersDebugger09Int	 endp
    124				     ;-----------------------------------------------------------------------------------------------
    125				     -
    126				     ;New 09 interrupt,	which raises the printfRegsFlag	to 1, when a key F11 is	pressed.
    127				     ;Entry:
    128				     ;Exit:
    129				     ;Expected:Old 09 interrupt	was replaced to	this function,
    130				     ;old09ofs contains	it's old segment and old09ofs contains it's old	offset.
    131				     ;Destroyed:
    132				     ;-----------------------------------------------------------------------------------------------
    133				     -
    134
    135
    136	019E			     replace09Int		 proc
    137	019E  B8 3509						 mov ax, 3509h
    138	01A1  CD 21						 int 21h
    139
    140	01A3  89 1E 013Br					 mov old09ofs, bx
    141	01A7  8C C3						 mov bx, es
    142	01A9  89 1E 013Dr					 mov old09seg, bx
    143
    144	01AD  6A 00						 push 0
    145	01AF  07						 pop es
    146
    147	01B0  BB 0024						 mov bx, 4*09h
    148	01B3  FA						 cli
    149	01B4  26: C7 07	011Ar					 mov es:[bx], offset registersDebugger09Int
    150	01B9  8C C8						 mov ax, cs
    151	01BB  26: 89 47	02					 mov es:[bx+2],	ax
    152	01BF  FB						 sti
    153
    154	01C0  C3						 ret
    155	01C1			     replace09Int		 endp
    156				     ;-----------------------------------------------------------------------------------------------
    157				     -
    158				     ;Replaces interrupt 9 with	a function registersDebugger09Int.
    159				     ;Entry:
    160				     ;Exit:
    161				     ;Expected:
    162				     ;Destroyed: ax, bx, es
    163				     ;-----------------------------------------------------------------------------------------------
    164				     -
    165
    166	01C1			     replace08Int		 proc
    167
    168	01C1  B8 3508						 mov ax, 3508h
    169	01C4  CD 21						 int 21h
    170
    171	01C6  89 1E 034Dr					 mov old08ofs, bx
Turbo Assembler	 Version 4.1	    03/01/26 15:44:22	    Page 4
regist~1.asm



    172	01CA  8C C3						 mov bx, es
    173	01CC  89 1E 034Fr					 mov old08seg, bx
    174
    175	01D0  6A 00						 push 0
    176	01D2  07						 pop es
    177
    178	01D3  BB 0020						 mov bx, 4*08h
    179	01D6  FA						 cli
    180	01D7  26: C7 07	01E4r					 mov es:[bx], offset printfRegs08Int
    181	01DC  8C C8						 mov ax, cs
    182	01DE  26: 89 47	02					 mov es:[bx+2],	ax
    183	01E2  FB						 sti
    184
    185	01E3  C3						 ret
    186	01E4			     replace08Int		 endp
    187				     ;-----------------------------------------------------------------------------------------------
    188				     -
    189				     ;Replaces interrupt 8 with	a function printfRegs08Int.
    190				     ;Entry:
    191				     ;Exit:
    192				     ;Expected:
    193				     ;Destroyed: ax, bx, es
    194				     ;-----------------------------------------------------------------------------------------------
    195				     -
    196
    197
    198	01E4			     printfRegs08Int		 proc
    199	01E4  2E: 80 3E	0B4Ar 00				 cmp cs:printfRegsFlag,	0h
    200	01EA  75 03						 jne @@continue
    201	01EC  E9 015D						 jmp @@end
    202
    203	01EF  50 53 51 52 56 57	55+  @@continue:		 push ax bx cx dx si di	bp ds es ss
    204	      1E 06 16
    205	01F9  8B EC						 mov bp, sp
    206	01FB  FC						 cld
    207
    208	01FC  2E: 80 3E	0B4Br 00				 cmp cs:saveRegsFlag, 0h
    209	0202  75 0A						 jne @@alreadySaved
    210	0204  E8 0526						 call saveRegsAndFlags
    211	0207  2E: C6 06	0B4Br 01  +				 mov cs:saveRegsFlag, 1h
    212	      90
    213
    214	020E  E8 0449		     @@alreadySaved:		 call updateSaveBuffer
    215	0211  E8 04C1						 call updateSaveShadow
    216
    217	0214  68 BD00						 push DRAW_BUFFER_VM_SEGMENT
    218	0217  07						 pop es
    219	0218  BB 0402						 mov bx, AX_VM_OFFSET
    220
    221	021B  26: C6 07	61					 mov byte ptr es:[bx], 'a'
    222	021F  26: C6 47	02 78					 mov byte ptr es:[bx+2], 'x'
    223	0224  E8 012A						 call printfHexRegValue
    224
    225	0227  81 C3 00A0					 add bx, 80d*2
    226	022B  26: C6 07	62					 mov byte ptr es:[bx], 'b'
    227	022F  26: C6 47	02 78					 mov byte ptr es:[bx+2], 'x'
    228	0234  8B 46 10						 mov ax, [bp+16]
Turbo Assembler	 Version 4.1	    03/01/26 15:44:22	    Page 5
regist~1.asm



    229	0237  E8 0117						 call printfHexRegValue
    230
    231	023A  81 C3 00A0					 add bx, 80d*2
    232	023E  26: C6 07	63					 mov byte ptr es:[bx], 'c'
    233	0242  26: C6 47	02 78					 mov byte ptr es:[bx+2], 'x'
    234	0247  8B 46 0E						 mov ax, [bp+14]
    235	024A  E8 0104						 call printfHexRegValue
    236
    237	024D  81 C3 00A0					 add bx, 80d*2
    238	0251  26: C6 07	64					 mov byte ptr es:[bx], 'd'
    239	0255  26: C6 47	02 78					 mov byte ptr es:[bx+2], 'x'
    240	025A  8B 46 0C						 mov ax, [bp+12]
    241	025D  E8 00F1						 call printfHexRegValue
    242
    243	0260  81 C3 00A0					 add bx, 80d*2
    244	0264  26: C6 07	73					 mov byte ptr es:[bx], 's'
    245	0268  26: C6 47	02 69					 mov byte ptr es:[bx+2], 'i'
    246	026D  8B 46 0A						 mov ax, [bp+10]
    247	0270  E8 00DE						 call printfHexRegValue
    248
    249	0273  81 C3 00A0					 add bx, 80d*2
    250	0277  26: C6 07	64					 mov byte ptr es:[bx], 'd'
    251	027B  26: C6 47	02 69					 mov byte ptr es:[bx+2], 'i'
    252	0280  8B 46 08						 mov ax, [bp+8]
    253	0283  E8 00CB						 call printfHexRegValue
    254
    255	0286  81 C3 00A0					 add bx, 80d*2
    256	028A  26: C6 07	62					 mov byte ptr es:[bx], 'b'
    257	028E  26: C6 47	02 70					 mov byte ptr es:[bx+2], 'p'
    258	0293  8B 46 06						 mov ax, [bp+6]
    259	0296  E8 00B8						 call printfHexRegValue
    260
    261	0299  81 C3 00A0					 add bx, 80d*2
    262	029D  26: C6 07	73					 mov byte ptr es:[bx], 's'
    263	02A1  26: C6 47	02 70					 mov byte ptr es:[bx+2], 'p'
    264	02A6  8B C4						 mov ax, sp
    265	02A8  05 001A						 add ax, 13d*2
    266	02AB  E8 00A3						 call printfHexRegValue
    267
    268	02AE  81 C3 00A0					 add bx, 80d*2
    269	02B2  26: C6 07	64					 mov byte ptr es:[bx], 'd'
    270	02B6  26: C6 47	02 73					 mov byte ptr es:[bx+2], 's'
    271	02BB  8B 46 04						 mov ax, [bp+4]
    272	02BE  E8 0090						 call printfHexRegValue
    273
    274	02C1  81 C3 00A0					 add bx, 80d*2
    275	02C5  26: C6 07	65					 mov byte ptr es:[bx], 'e'
    276	02C9  26: C6 47	02 73					 mov byte ptr es:[bx+2], 's'
    277	02CE  8B 46 02						 mov ax, [bp+2]
    278	02D1  E8 007D						 call printfHexRegValue
    279
    280	02D4  81 C3 00A0					 add bx, 80d*2
    281	02D8  26: C6 07	73					 mov byte ptr es:[bx], 's'
    282	02DC  26: C6 47	02 73					 mov byte ptr es:[bx+2], 's'
    283	02E1  8B 46 00						 mov ax, [bp]
    284	02E4  E8 006A						 call printfHexRegValue
    285
Turbo Assembler	 Version 4.1	    03/01/26 15:44:22	    Page 6
regist~1.asm



    286	02E7  81 C3 00A0					 add bx, 80d*2
    287	02EB  26: C6 07	63					 mov byte ptr es:[bx], 'c'
    288	02EF  26: C6 47	02 73					 mov byte ptr es:[bx+2], 's'
    289	02F4  8B 46 16						 mov ax, [bp+22]
    290	02F7  E8 0057						 call printfHexRegValue
    291
    292	02FA  81 C3 00A0					 add bx, 80d*2
    293	02FE  26: C6 07	69					 mov byte ptr es:[bx], 'i'
    294	0302  26: C6 47	02 70					 mov byte ptr es:[bx+2], 'p'
    295	0307  8B 46 14						 mov ax, [bp+20]
    296	030A  E8 0044						 call printfHexRegValue
    297
    298
    299	030D  8B 46 18						 mov ax, [bp+24]
    300	0310  81 EB 0780					 sub bx, 80d*2*12d
    301	0314  83 C3 16						 add bx, 11d*2
    302	0317  E8 008A						 call printfFlags
    303
    304	031A  B6 0D						 mov dh, 13d
    305	031C  B2 0E						 mov dl, 14d
    306	031E  B0 30						 mov al, 30h
    307
    308	0320  E8 02CE						 call printfRegistersFrame
    309
    310
    311	0323  53						 push bx
    312	0324  E8 04EC						 call compareRegs
    313	0327  E8 06B2						 call compareFlags
    314	032A  5B						 pop bx
    315
    316
    317	032B  BB 021C						 mov bx, FRAME_FIRST_ELEM_OFFSET
    318	032E  68 BD00						 push DRAW_BUFFER_VM_SEGMENT
    319	0331  1F						 pop ds
    320	0332  68 B800						 push SCREEN_VM_SEGMENT
    321	0335  07						 pop es
    322	0336  E8 0304						 call copyFrame
    323	0339  B4 00						 mov ah, 0
    324	033B  E8 0361						 call copyShadow
    325
    326	033E  B0 20						 mov al, 20h
    327	0340  E6 20						 out 20h, al
    328
    329	0342  17 07 1F 5D 5F 5E	5A+				 pop ss	es ds bp di si dx cx bx	ax
    330	      59 5B 58
    331
    332	034C  EA		     @@end:			 db 0eah
    333	034D  0000		     old08ofs			 dw 0
    334	034F  0000		     old08seg			 dw 0
    335
    336	0351			     printfRegs08Int		 endp
    337				     ;-----------------------------------------------------------------------------------------------
    338				     -
    339				     ;New 08 interrupt,	which prints the updated values	​​of the processor registers
    340				     ;and flags	in a frame at each tick	of the system timer.
    341				     ;Entry:
    342				     ;Exit:
Turbo Assembler	 Version 4.1	    03/01/26 15:44:22	    Page 7
regist~1.asm



    343				     ;Expected:Old 08 interrupt	was replaced to	this function,
    344				     ;old08ofs contains	it's old segment and old08ofs contains it's old	offset.
    345				     ;Destroyed:
    346				     ;-----------------------------------------------------------------------------------------------
    347				     -
    348
    349
    350	0351			     printfHexRegValue		 proc
    351
    352	0351  33 D2						 xor dx, dx
    353	0353  8A D4						 mov dl, ah
    354	0355  C0 EA 04						 shr dl, 4h
    355
    356	0358  80 C2 30						 add dl, 30h
    357	035B  80 FA 39						 cmp dl, 39h
    358	035E  76 03						 jbe @@notLetter1
    359	0360  80 C2 07						 add dl, 7h
    360
    361	0363  26: 88 57	06	     @@notLetter1:		 mov byte ptr es:[bx+6], dl
    362
    363	0367  8A D4						 mov dl, ah
    364	0369  80 E2 0F						 and dl, 00001111b
    365	036C  80 C2 30						 add dl, 30h
    366	036F  80 FA 39						 cmp dl, 39h
    367	0372  76 03						 jbe @@notLetter2
    368	0374  80 C2 07						 add dl, 7h
    369
    370	0377  26: 88 57	08	     @@notLetter2:		 mov byte ptr es:[bx+8], dl
    371
    372	037B  8A D0						 mov dl, al
    373	037D  C0 EA 04						 shr dl, 4h
    374
    375	0380  80 C2 30						 add dl, 30h
    376	0383  80 FA 39						 cmp dl, 39h
    377	0386  76 03						 jbe @@notLetter3
    378	0388  80 C2 07						 add dl, 7h
    379
    380	038B  26: 88 57	0A	     @@notLetter3:		 mov byte ptr es:[bx+10d], dl
    381
    382	038F  8A D0						 mov dl, al
    383	0391  80 E2 0F						 and dl, 00001111b
    384	0394  80 C2 30						 add dl, 30h
    385	0397  80 FA 39						 cmp dl, 39h
    386	039A  76 03						 jbe @@notLetter4
    387	039C  80 C2 07						 add dl, 7h
    388
    389	039F  26: 88 57	0C	     @@notLetter4:		 mov byte ptr es:[bx+12d], dl
    390
    391	03A3  C3						 ret
    392	03A4			     printfHexRegValue		 endp
    393				     ;-----------------------------------------------------------------------------------------------
    394				     -
    395				     ;Writes the hexadecimal value of the register to the video	memory
    396				     ;Entry: ax	= current register value
    397				     ;	     bx	= video	memory offset of the beginning of the inscription reduced by 6 bytes
    398				     ;	     (the first	6 bytes	are used to write the register name)
    399				     ;Exit:
Turbo Assembler	 Version 4.1	    03/01/26 15:44:22	    Page 8
regist~1.asm



    400				     ;Expected:	es contains video memory segment
    401				     ;Destroyed: dx
    402				     ;-----------------------------------------------------------------------------------------------
    403				     -
    404
    405	03A4			     printfFlags	     proc
    406
    407	03A4  8B FB					     mov di, bx
    408	03A6  50 53					     push ax bx
    409	03A8  E8 0088					     call printfFlagsColumn
    410	03AB  5B 58					     pop bx ax
    411
    412	03AD  83 C3 04					     add bx, 4h
    413
    414	03B0  8B D0					     mov dx, ax
    415	03B2  83 E2 01					     and dx, 0000000000000001b
    416	03B5  83 FA 00					     cmp dx, 0
    417	03B8  74 04					     je	@@zeroCF
    418	03BA  26: C6 07	31				     mov byte ptr es:[bx], '1'
    419	03BE			     @@zeroCF:
    420
    421	03BE  8B D0					     mov dx, ax
    422	03C0  83 E2 40					     and dx, 0000000001000000b
    423	03C3  83 FA 00					     cmp dx, 0
    424	03C6  74 06					     je	@@zeroZF
    425	03C8  26: C6 87	00A0 31				     mov byte ptr es:[bx + 80d*2], '1'
    426	03CE			     @@zeroZF:
    427	03CE  8B D0					     mov dx, ax
    428	03D0  81 E2 0080				     and dx, 0000000010000000b
    429	03D4  83 FA 00					     cmp dx, 0
    430	03D7  74 06					     je	@@zeroSF
    431	03D9  26: C6 87	0140 31				     mov byte ptr es:[bx + 80d*2*2], '1'
    432	03DF			     @@zeroSF:
    433	03DF  8B D0					     mov dx, ax
    434	03E1  81 E2 0800				     and dx, 0000100000000000b
    435	03E5  83 FA 00					     cmp dx, 0
    436	03E8  74 06					     je	@@zeroOF
    437	03EA  26: C6 87	01E0 31				     mov byte ptr es:[bx + 80d*2*3], '1'
    438	03F0			     @@zeroOF:
    439	03F0  8B D0					     mov dx, ax
    440	03F2  83 E2 04					     and dx, 0000000000000100b
    441	03F5  83 FA 00					     cmp dx, 0
    442	03F8  74 06					     je	@@zeroPF
    443	03FA  26: C6 87	0280 31				     mov byte ptr es:[bx + 80d*2*4], '1'
    444	0400			     @@zeroPF:
    445	0400  8B D0					     mov dx, ax
    446	0402  83 E2 10					     and dx, 0000000000010000b
    447	0405  83 FA 00					     cmp dx, 0
    448	0408  74 06					     je	@@zeroAF
    449	040A  26: C6 87	0320 31				     mov byte ptr es:[bx + 80d*2*5], '1'
    450	0410			     @@zeroAF:
    451	0410  8B D0					     mov dx, ax
    452	0412  81 E2 0200				     and dx, 0000001000000000b
    453	0416  83 FA 00					     cmp dx, 0
    454	0419  74 06					     je	@@zeroIF
    455	041B  26: C6 87	03C0 31				     mov byte ptr es:[bx + 80d*2*6], '1'
    456	0421			     @@zeroIF:
Turbo Assembler	 Version 4.1	    03/01/26 15:44:22	    Page 9
regist~1.asm



    457	0421  8B D0					     mov dx, ax
    458	0423  81 E2 0400				     and dx, 0000010000000000b
    459	0427  83 FA 00					     cmp dx, 0
    460	042A  74 06					     je	@@zeroDF
    461	042C  26: C6 87	0460 31				     mov byte ptr es:[bx + 80d*2*7], '1'
    462	0432			     @@zeroDF:
    463	0432  C3					     ret
    464	0433			     printfFlags	     endp
    465				     ;-----------------------------------------------------------------------------------------------
    466				     -
    467				     ;Writes the value of the flags to the video memory
    468				     ;Entry: ax	= register of flags
    469				     ;	     bx	= video	memory offset of the CF
    470				     ;Exit:
    471				     ;Expected:	es contains video memory segment.
    472				     ;Destroyed: bx, cx, dx
    473				     ;-----------------------------------------------------------------------------------------------
    474				     -
    475
    476	0433			     printfFlagsColumn	     proc
    477
    478	0433  26: C6 05	63				     mov byte ptr es:[di], 'c'
    479	0437  26: C6 85	00A0 7A				     mov byte ptr es:[di + 80d*2], 'z'
    480	043D  26: C6 85	0140 73				     mov byte ptr es:[di + 80d*2*2], 's'
    481	0443  26: C6 85	01E0 6F				     mov byte ptr es:[di + 80d*2*3], 'o'
    482	0449  26: C6 85	0280 70				     mov byte ptr es:[di + 80d*2*4], 'p'
    483	044F  26: C6 85	0320 61				     mov byte ptr es:[di + 80d*2*5], 'a'
    484	0455  26: C6 85	03C0 69				     mov byte ptr es:[di + 80d*2*6], 'i'
    485	045B  26: C6 85	0460 64				     mov byte ptr es:[di + 80d*2*7], 'd'
    486
    487	0461  83 C7 02					     add di, 2
    488	0464  B0 3D					     mov al, '='
    489	0466  32 E4					     xor ah, ah
    490	0468  B9 0008					     mov cx, 8h
    491	046B  57					     push di
    492	046C  E8 002A					     call printfVerticalString
    493	046F  B0 00					     mov al, 0
    494	0471  B9 0006					     mov cx, 6h
    495	0474  E8 0022					     call printfVerticalString
    496	0477  5F					     pop di
    497
    498
    499	0478  83 C7 02					     add di, 2
    500	047B  B0 30					     mov al, '0'
    501	047D  32 E4					     xor ah, ah
    502	047F  B9 0008					     mov cx, 8h
    503	0482  E8 0014					     call printfVerticalString
    504
    505	0485  57					     push di
    506	0486  B0 00					     mov al, 0
    507	0488  B9 0006					     mov cx, 6h
    508	048B  E8 000B					     call printfVerticalString
    509	048E  5F					     pop di
    510
    511	048F  83 EF 04					     sub di, 4d
    512	0492  B9 0006					     mov cx, 6h
    513	0495  E8 0001					     call printfVerticalString
Turbo Assembler	 Version 4.1	    03/01/26 15:44:22	    Page 10
regist~1.asm



    514
    515	0498  C3					     ret
    516	0499			     printfFlagsColumn	     endp
    517				     ;----------------------------------------------------------------------------------------------
    518				     ;Prints a column with processor flags with	zeroed values.
    519				     ;Entry: di	= video	memory offset.
    520				     ;Exit:
    521				     ;Expected:	es contains the	address	of the video memory segment.
    522				     ;Destroyed: ax, bx, cx, di
    523				     ;----------------------------------------------------------------------------------------------
    524
    525	0499			     printfVerticalString    proc
    526	0499  BB 00A0					     mov bx, 80d*2
    527	049C  80 FC 00					     cmp ah, 0
    528	049F  74 02					     je	@@nextElem
    529	04A1  F7 DB					     neg bx
    530
    531	04A3  26: 88 05		     @@nextElem:	     mov byte ptr es:[di], al
    532	04A6  03 FB					     add di, bx
    533	04A8  E2 F9					     loop @@nextElem
    534
    535	04AA  C3					     ret
    536
    537	04AB			     printfVerticalString     endp
    538				     ;----------------------------------------------------------------------------------------------
    539				     ;Prints vertical string
    540				     ;Entry: al	= symbol binary	code
    541				     ;	     ah	= direction flag (ah = 0, di +=	80d*2; ah != 0,	di -= 80d*2)
    542				     ;	     di	= video	memory offset
    543				     ;	     cx	= length of string
    544				     ;Exit:
    545				     ;Expected:	es contains the	address	of the video memory segment.
    546				     ;Destroyed: cx, bx, di
    547				     ;----------------------------------------------------------------------------------------------
    548
    549
    550	04AB			     printfFrameBackground	     proc
    551	04AB  50						     push ax
    552	04AC  E8 002C						     call getFrameVideoMemoryOffset
    553	04AF  58						     pop ax
    554
    555	04B0  33 DB						     xor bx, bx
    556	04B2  8A DE						     mov bl, dh
    557	04B4  80 C3 06						     add bl, 6
    558
    559	04B7  33 C9		     printfFrameStr:		     xor cx, cx
    560	04B9  8A CA						     mov cl, dl
    561	04BB  80 C1 06						     add cl, 6
    562
    563	04BE  E8 0044						     call printfFrameBackgroundString
    564
    565	04C1  81 C7 00A0					     add di, 160d
    566
    567	04C5  50						     push ax
    568	04C6  33 C0						     xor ax, ax
    569	04C8  8A C2						     mov al, dl
    570	04CA  98						     cbw
Turbo Assembler	 Version 4.1	    03/01/26 15:44:22	    Page 11
regist~1.asm



    571	04CB  D1 E0						     shl ax, 1
    572	04CD  2B F8						     sub di, ax
    573	04CF  83 EF 0C						     sub di, 12
    574	04D2  58						     pop ax
    575
    576	04D3  FE CB						     dec bl
    577	04D5  80 FB 00						     cmp bl, 0
    578	04D8  75 DD						     jne printfFrameStr
    579
    580	04DA  C3						     ret
    581	04DB			     printfFrameBackground	     endp
    582				     ;----------------------------------------------------------------------------------------------
    583				     ;Prints frame centered frame background depending
    584				     ;on the number of lines and their length in the message
    585				     ;Entry: dh	= the number of	lines in the message
    586				     ;	     dl	= max length of	the string in the message
    587				     ;	     al	= frame	color binary code
    588				     ;Exit:
    589				     ;Expected:
    590				     ;Destroyed: bx, di, cl
    591				     ;----------------------------------------------------------------------------------------------
    592
    593
    594	04DB			     getFrameVideoMemoryOffset	     proc
    595
    596	04DB  BF 0019						     mov di, 25
    597	04DE  8A C6						     mov al, dh
    598	04E0  98						     cbw
    599	04E1  2B F8						     sub di, ax
    600	04E3  D1 EF						     shr di, 1
    601	04E5  83 EF 03						     sub di, 3d
    602	04E8  B8 00A0						     mov ax, 160
    603	04EB  52						     push dx
    604	04EC  F7 E7						     mul di
    605	04EE  5A						     pop dx
    606	04EF  8B F8						     mov di, ax
    607
    608	04F1  33 C0						     xor ax, ax
    609	04F3  8A C2						     mov al, dl
    610	04F5  98						     cbw
    611
    612	04F6  BB 0050						     mov bx, 80
    613	04F9  2B D8						     sub bx, ax
    614	04FB  83 EB 06						     sub bx, 6d
    615	04FE  D1 EB						     shr bx, 1
    616	0500  D1 E3						     shl bx, 1
    617	0502  03 FB						     add di, bx
    618
    619	0504  C3						     ret
    620	0505			     getFrameVideoMemoryOffset	     endp
    621				     ;----------------------------------------------------------------------------------------------
    622				     ;Gets a video memory offset for frame background depending
    623				     ;on the number of lines and their length in the message
    624				     ;Entry: dh	= the number of	lines in the message
    625				     ;	     dl	= max length of	the string in the message
    626				     ;Exit:  di	= video	memory offset for frame	background
    627				     ;Expected:
Turbo Assembler	 Version 4.1	    03/01/26 15:44:22	    Page 12
regist~1.asm



    628				     ;Destroyed: ax, bx, di
    629				     ;----------------------------------------------------------------------------------------------
    630
    631
    632	0505			     printfFrameBackgroundString	 proc
    633
    634	0505  26: 88 45	01	     @@printfByte:			 mov byte ptr es:[di+1], al
    635	0509  83 C7 02							 add di, 2
    636	050C  E2 F7							 loop @@printfByte
    637
    638	050E  C3							 ret
    639	050F			     printfFrameBackgroundString	 endp
    640				     ;----------------------------------------------------------------------------------------------
    641				     ;Prints frameBackground string a certain of color
    642				     ;Entry: di	= starting address of the string
    643				     ;	     al	= frame	color binary code
    644				     ;	     cl	= length of the	string
    645				     ;Exit:
    646				     ;Expected:	es contains the	address	of the video memory segment.
    647				     ;Destroyed: di, cl
    648				     ;----------------------------------------------------------------------------------------------
    649
    650	050F			     printfFrameForeground	     proc
    651
    652	050F  81 EF 0140					     sub di, 80d*2*2
    653	0513  83 C7 02						     add di, 2
    654
    655	0516  B0 C8						     mov al, 0C8h
    656	0518  26: 88 05						     mov byte ptr es:[di], al
    657
    658	051B  83 C7 02						     add di, 2
    659
    660	051E  33 C9						     xor cx, cx
    661	0520  8A CA						     mov cl, dl
    662	0522  80 C1 02						     add cl, 2
    663
    664	0525  B0 CD						     mov al, 0CDh
    665	0527  50						     push ax
    666	0528  B4 00						     mov ah, 0
    667	052A  E8 007C						     call printHorizontalString
    668	052D  58						     pop ax
    669
    670	052E  B0 BC						     mov al, 0BCh
    671	0530  26: 88 05						     mov byte ptr es:[di], al
    672
    673	0533  8A C6						     mov al, dh
    674	0535  04 03						     add al, 3
    675	0537  50						     push ax
    676	0538  98						     cbw
    677	0539  BB 00A0						     mov bx, 160d
    678	053C  52						     push dx
    679	053D  F7 E3						     mul bx
    680	053F  5A						     pop dx
    681	0540  2B F8						     sub di, ax
    682	0542  58						     pop ax
    683
    684	0543  B0 BB						     mov al, 0BBh
Turbo Assembler	 Version 4.1	    03/01/26 15:44:22	    Page 13
regist~1.asm



    685	0545  26: 88 05						     mov byte ptr es:[di], al
    686
    687	0548  83 EF 02						     sub di, 2
    688
    689	054B  33 C9						     xor cx, cx
    690	054D  8A CA						     mov cl, dl
    691	054F  80 C1 02						     add cl, 2
    692	0552  B0 CD						     mov al, 0CDh
    693	0554  50						     push ax
    694	0555  B4 01						     mov ah, 1
    695	0557  E8 004F						     call printHorizontalString
    696	055A  58						     pop ax
    697
    698	055B  B0 C9						     mov al, 0C9h
    699	055D  26: 88 05						     mov byte ptr es:[di], al
    700	0560  81 C7 00A0					     add di, 80d*2
    701
    702	0564  8A CE						     mov cl, dh
    703	0566  80 C1 02						     add cl, 2
    704	0569  B0 BA						     mov al, 0BAh
    705	056B  50						     push ax
    706	056C  B4 00						     mov ah, 0
    707	056E  E8 FF28						     call printfVerticalString
    708	0571  58						     pop ax
    709
    710	0572  81 EF 00A0					     sub di, 80d*2
    711
    712	0576  50						     push ax
    713	0577  8A C2						     mov al, dl
    714	0579  04 03						     add al, 3
    715	057B  98						     cbw
    716	057C  D1 E0						     shl ax, 1
    717	057E  03 F8						     add di, ax
    718	0580  58						     pop ax
    719
    720	0581  8A CE						     mov cl, dh
    721	0583  80 C1 02						     add cl, 2
    722	0586  B0 BA						     mov al, 0BAh
    723	0588  50						     push ax
    724	0589  B4 01						     mov ah, 1
    725	058B  E8 FF0B						     call printfVerticalString
    726	058E  58						     pop ax
    727
    728	058F  81 C7 00A0					     add di, 80d*2
    729	0593  B0 00						     mov al, 0h
    730	0595  E8 0023						     call printfInternalFrame
    731
    732	0598  80 C6 04						     add dh, 4h
    733	059B  80 C2 04						     add dl, 4h
    734	059E  81 EF 00A0					     sub di, (80d*2)
    735	05A2  83 C7 06						     add di, 6h
    736	05A5  E8 0013						     call printfInternalFrame
    737
    738	05A8  C3						     ret
    739	05A9			     printfFrameForeground	     endp
    740				     ;----------------------------------------------------------------------------------------------
    741				     ;Prints centered frame foreground depending
Turbo Assembler	 Version 4.1	    03/01/26 15:44:22	    Page 14
regist~1.asm



    742				     ;on the number of lines and their length in the message
    743				     ;Entry: dh	= the number of	lines in the message
    744				     ;	     dl	= max length of	the string in the message
    745				     ;	     di	= video	memory offset of the lower right corner	of the frame
    746				     ;Exit:
    747				     ;Expected:	es contains the	address	of the video memory segment.
    748				     ;Destroyed: ax, bx, cx, si, di
    749				     ;----------------------------------------------------------------------------------------------
    750
    751
    752	05A9			     printHorizontalString   proc
    753	05A9  BB 0002					     mov bx, 2
    754	05AC  80 FC 00					     cmp ah, 0
    755	05AF  74 02					     je	@@nextElem
    756	05B1  F7 DB					     neg bx
    757
    758	05B3  26: 88 05		     @@nextElem:	     mov byte ptr es:[di], al
    759	05B6  03 FB					     add di, bx
    760	05B8  E2 F9					     loop @@nextElem
    761
    762	05BA  C3					     ret
    763
    764	05BB			     printHorizontalString   endp
    765				     ;----------------------------------------------------------------------------------------------
    766				     ;Prints horizontal	string
    767				     ;Entry: al	= symbol binary	code
    768				     ;	     ah	= direction flag (a = 0, di += 2; a != 0, di -=	2)
    769				     ;	     di	= video	memory offset
    770				     ;	     cx	= length of string
    771				     ;Exit:
    772				     ;Expected:	es contains the	address	of the video memory segment.
    773				     ;Destroyed: cx, bx
    774				     ;----------------------------------------------------------------------------------------------
    775
    776	05BB			     printfInternalFrame	     proc
    777
    778	05BB  83 EF 02						     sub di, 2
    779	05BE  8A CA						     mov cl, dl
    780	05C0  80 C1 02						     add cl, 2
    781	05C3  B4 01						     mov ah, 1
    782	05C5  E8 FFE1						     call printHorizontalString
    783
    784	05C8  83 C7 02						     add di, 2
    785	05CB  8A CE						     mov cl, dh
    786	05CD  80 C1 02						     add cl, 2
    787	05D0  B4 00						     mov ah, 0
    788	05D2  E8 FEC4						     call printfVerticalString
    789
    790	05D5  81 EF 00A0					     sub di, 2*80d
    791	05D9  8A CA						     mov cl, dl
    792	05DB  80 C1 02						     add cl, 2
    793	05DE  B4 00						     mov ah, 0
    794	05E0  E8 FFC6						     call printHorizontalString
    795
    796	05E3  83 EF 02						     sub di, 2
    797	05E6  8A CE						     mov cl, dh
    798	05E8  80 C1 02						     add cl, 2
Turbo Assembler	 Version 4.1	    03/01/26 15:44:22	    Page 15
regist~1.asm



    799	05EB  B4 01						     mov ah, 1
    800	05ED  E8 FEA9						     call printfVerticalString
    801
    802	05F0  C3						     ret
    803	05F1			     printfInternalFrame	     endp
    804				     ;----------------------------------------------------------------------------------------------
    805				     ;Prints centered internal frame foreground	depending
    806				     ;on the number of lines and their length in the message
    807				     ;Entry: al	= internal frame symbol	ascii-code
    808				     ;	     dh	= the number of	lines in the message
    809				     ;	     dl	= max length of	the string in the message
    810				     ;	     di	= video	memory offset of the upper right corner	of the frame
    811				     ;Exit:
    812				     ;Expected:	es contains the	address	of the video memory segment.
    813				     ;Destroyed: ax, cx, si, di
    814				     ;----------------------------------------------------------------------------------------------
    815
    816	05F1			     printfRegistersFrame    proc
    817
    818	05F1  E8 FEB7					     call printfFrameBackground
    819
    820	05F4  E8 FF18					     call printfFrameForeground
    821
    822	05F7  BF 02D4					     mov di, (80d*4+42d)*2
    823	05FA  26: C6 05	CB				     mov byte ptr es:[di], 0CBh
    824	05FE  81 C7 00A0				     add di, 80d*2
    825	0602  B0 BA					     mov al, 0BAh
    826	0604  32 E4					     xor ah, ah
    827	0606  B9 000F					     mov cx, 15d
    828	0609  E8 FE8D					     call printfVerticalString
    829	060C  26: C6 05	CA				     mov byte ptr es:[di], 0CAh
    830
    831	0610  81 EF 00A2				     sub di, 162d
    832	0614  32 C0					     xor al, al
    833	0616  B4 01					     mov ah, 1
    834	0618  B9 000F					     mov cx, 15d
    835	061B  E8 FE7B					     call printfVerticalString
    836
    837	061E  81 C7 00A4				     add di, 164d
    838	0622  32 E4					     xor ah, ah
    839	0624  B9 000F					     mov cx, 15d
    840	0627  E8 FE6F					     call printfVerticalString
    841
    842	062A  BF 0370					     mov di, (80d*5+40d)*2
    843	062D  B9 000F					     mov cx, 15d
    844	0630  E8 FE66					     call printfVerticalString
    845
    846	0633  BF 0366					     mov di, (80d*5+35d)*2
    847	0636  B9 000F					     mov cx, 15d
    848	0639  E8 FE5D					     call printfVerticalString
    849
    850	063C  C3					     ret
    851	063D			     printfRegistersFrame    endp
    852				     ;----------------------------------------------------------------------------------------------
    853				     ;Prints centered frame for	register debugger.
    854				     ;on the number of lines and their length in the message
    855				     ;Entry: al	= internal frame symbol	ascii-code
Turbo Assembler	 Version 4.1	    03/01/26 15:44:22	    Page 16
regist~1.asm



    856				     ;	     dh	= the number of	frame line
    857				     ;	     dl	= max length of	the string in line
    858				     ;Exit:
    859				     ;Expected:	es contains the	address	of the video memory segment.
    860				     ;Destroyed: ax, bx, cx, dx, si, di
    861				     ;----------------------------------------------------------------------------------------------
    862
    863	063D			     copyFrame		     proc
    864
    865	063D  8B F3					     mov si, bx
    866	063F  8B FB					     mov di, bx
    867	0641  B9 0013					     mov cx, NUM_OF_FRAME_ROWS
    868
    869	0644			     @@copyRow:
    870	0644  51 56 57					     push cx si	di
    871	0647  B9 0014					     mov cx, FRAME_ROW_WIDTH
    872	064A  F3> A5					     rep movsw
    873	064C  5F 5E 59					     pop di si cx
    874	064F  81 C6 00A0				     add si, 160d
    875	0653  81 C7 00A0				     add di, 160d
    876	0657  E2 EB					     loop @@copyRow
    877
    878	0659  C3					     ret
    879
    880	065A			     copyFrame		     endp
    881				     ;----------------------------------------------------------------------------------------------
    882				     ;Copies frame from	src buffer to dest buffer.
    883				     ;Entry: bx	= video	memory offset of the upper left
    884				     ;		  corner of the	frame.
    885				     ;	     ds	= video	memory segment of the src buffer.
    886				     ;	     es	= video	memory segment of the dest buffer.
    887				     ;Exit:
    888				     ;Expected:
    889				     ;Destroyed: ax, si, di, cx
    890				     ;----------------------------------------------------------------------------------------------
    891
    892	065A			     updateSaveBuffer		 proc
    893	065A  50						 push ax
    894	065B  FC						 cld
    895
    896	065C  B8 BD00						 mov ax, DRAW_BUFFER_VM_SEGMENT
    897	065F  8E C0						 mov es, ax
    898	0661  B8 B800						 mov ax, SCREEN_VM_SEGMENT
    899	0664  8E D8						 mov ds, ax
    900
    901	0666  BE 021C						 mov si, FRAME_FIRST_ELEM_OFFSET
    902	0669  8B FE						 mov di, si
    903
    904	066B  B9 0013						 mov cx, NUM_OF_FRAME_ROWS
    905	066E			     @@cmpRow:
    906	066E  51 56 57						 push cx si di
    907
    908	0671  B9 0014						 mov cx, FRAME_ROW_WIDTH
    909	0674			     @@cmpWord:
    910	0674  8B 1C						 mov bx, ds:[si]
    911	0676  26: 3B 1D						 cmp bx, es:[di]
    912	0679  74 0D						 je  @@noChange
Turbo Assembler	 Version 4.1	    03/01/26 15:44:22	    Page 17
regist~1.asm



    913
    914	067B  06						 push es
    915
    916	067C  B8 BE00						 mov ax, SAVE_BUFFER_VM_SEGMENT
    917	067F  8E C0						 mov es, ax
    918	0681  26: 89 1C						 mov es:[si], bx
    919
    920	0684  07						 pop es
    921	0685  26: 89 1D						 mov es:[di], bx
    922
    923	0688			     @@noChange:
    924	0688  83 C6 02						 add si, 2
    925	068B  83 C7 02						 add di, 2
    926	068E  E2 E4						 loop @@cmpWord
    927
    928	0690  5F 5E 59						 pop di	si cx
    929	0693  81 C6 00A0					 add si, 160d
    930	0697  81 C7 00A0					 add di, 160d
    931	069B  E2 D1						 loop @@cmpRow
    932
    933	069D  58						 pop ax
    934	069E  C3						 ret
    935	069F			     updateSaveBuffer		 endp
    936				     ;----------------------------------------------------------------------------------------------
    937				     ;Compares DRAW buffer with	frame on the screen
    938				     ;and updates SAVE and DRAW	buffers	if it finds differences.
    939				     ;Entry:
    940				     ;Exit:
    941				     ;Expected:
    942				     ;Destroyed: si, di, es, ds, bx, cx
    943				     ;----------------------------------------------------------------------------------------------
    944
    945	069F			     copyShadow		 proc
    946	069F  FC					 cld
    947
    948	06A0  B0 FF					 mov al, 0FFh
    949	06A2  80 FC 00					 cmp ah, 0
    950	06A5  74 02					 je @@notDark
    951	06A7  B0 07					 mov al, SHADOW_ATTRIBUTE
    952	06A9			     @@notDark:
    953
    954	06A9  BE 0DFC					 mov si, SHADOW_LEFT_ELEM_OFFSET
    955	06AC  8B FE					 mov di, si
    956
    957	06AE  B9 0014					 mov cx, FRAME_ROW_WIDTH
    958	06B1			     @@shadowRow:
    959	06B1  83 C6 02					 add si, 2
    960	06B4  83 C7 02					 add di, 2
    961	06B7  8B 1C					 mov bx, ds:[si]
    962	06B9  22 D8					 and bl, al
    963	06BB  26: 89 1D					 mov es:[di], bx
    964	06BE  E2 F1					 loop @@shadowRow
    965
    966
    967	06C0  B9 0012					 mov cx, (NUM_OF_FRAME_ROWS - 1)
    968
    969	06C3  81 EE 00A0	     @@shadowColumn:	 sub si, 80d*2
Turbo Assembler	 Version 4.1	    03/01/26 15:44:22	    Page 18
regist~1.asm



    970	06C7  81 EF 00A0				 sub di, 80d*2
    971	06CB  8B 1C					 mov bx, ds:[si]
    972	06CD  22 F8					 and bh, al
    973	06CF  26: 89 1D					 mov es:[di], bx
    974	06D2  E2 EF					 loop @@shadowColumn
    975
    976	06D4  C3					 ret
    977	06D5			     copyShadow		 endp
    978				     ;----------------------------------------------------------------------------------------------
    979				     ;Copies shadow from src buffer to dest buffer.
    980				     ;Entry: ah	= flag (if af == 0 just	copies shadow, else make copy dark)
    981				     ;	     ds	= video	memory segment of the src buffer.
    982				     ;	     es	= video	memory segment of the dest buffer.
    983				     ;Exit:
    984				     ;Expected:
    985				     ;Destroyed: al, si, di, cx, bx
    986				     ;----------------------------------------------------------------------------------------------
    987
    988	06D5			     updateSaveShadow		 proc
    989	06D5  50						 push ax
    990
    991	06D6  B8 BD00						 mov ax, DRAW_BUFFER_VM_SEGMENT
    992	06D9  8E C0						 mov es, ax
    993	06DB  B8 B800						 mov ax, SCREEN_VM_SEGMENT
    994	06DE  8E D8						 mov ds, ax
    995
    996	06E0  BE 0DFC						 mov si, SHADOW_LEFT_ELEM_OFFSET
    997	06E3  8B FE						 mov di, si
    998
    999	06E5  B9 0014						 mov cx, FRAME_ROW_WIDTH
   1000	06E8			     @@cmpShadowRow:
   1001	06E8  83 C6 02						 add si, 2
   1002	06EB  83 C7 02						 add di, 2
   1003	06EE  8B 1C						 mov bx, ds:[si]
   1004	06F0  26: 3B 1D						 cmp bx, es:[di]
   1005	06F3  74 10						 je  @@noChangeInRow
   1006
   1007	06F5  06						 push es
   1008
   1009	06F6  B8 BE00						 mov ax, SAVE_BUFFER_VM_SEGMENT
   1010	06F9  8E C0						 mov es, ax
   1011	06FB  26: 89 1C						 mov es:[si], bx
   1012
   1013	06FE  07						 pop es
   1014	06FF  80 E7 07						 and bh, SHADOW_ATTRIBUTE
   1015	0702  26: 89 1D						 mov es:[di], bx
   1016
   1017	0705			     @@noChangeInRow:
   1018	0705  E2 E1						 loop @@cmpShadowRow
   1019
   1020	0707  B9 0012						 mov cx, (NUM_OF_FRAME_ROWS - 1)
   1021	070A			     @@cmpShadowColumn:
   1022	070A  81 EE 00A0					 sub si, 80d*2
   1023	070E  81 EF 00A0					 sub di, 80d*2
   1024	0712  8B 1C						 mov bx, ds:[si]
   1025	0714  26: 3B 1D						 cmp bx, es:[di]
   1026	0717  74 10						 je  @@noChangeInColumn
Turbo Assembler	 Version 4.1	    03/01/26 15:44:22	    Page 19
regist~1.asm



   1027
   1028	0719  06						 push es
   1029
   1030	071A  B8 BE00						 mov ax, SAVE_BUFFER_VM_SEGMENT
   1031	071D  8E C0						 mov es, ax
   1032	071F  26: 89 1C						 mov es:[si], bx
   1033
   1034	0722  07						 pop es
   1035	0723  80 E7 07						 and bh, SHADOW_ATTRIBUTE
   1036	0726  26: 89 1D						 mov es:[di], bx
   1037
   1038	0729			     @@noChangeInColumn:
   1039	0729  E2 DF						 loop @@cmpShadowColumn
   1040
   1041	072B  58						 pop ax
   1042	072C  C3						 ret
   1043	072D			     updateSaveShadow		 endp
   1044				     ;----------------------------------------------------------------------------------------------
   1045				     ;Compares shadow of the frame in
   1046				     ;DRAW buffer with those on	the screen
   1047				     ;and updates SAVE and DRAW	buffer if it finds differences.
   1048				     ;Entry:
   1049				     ;Exit:
   1050				     ;Expected:
   1051				     ;Destroyed: si, di, es, ds, bx, cx
   1052				     ;----------------------------------------------------------------------------------------------
   1053
   1054	072D			     saveRegsAndFlags		 proc
   1055	072D  50 52						 push ax dx
   1056
   1057	072F  2E: A3 0B4Cr					 mov cs:[regsArr], ax
   1058
   1059	0733  8B 46 10						 mov ax, [bp + 16d]
   1060	0736  2E: A3 0B4Er					 mov cs:[regsArr + 2d],	ax
   1061
   1062	073A  8B 46 0E						 mov ax, [bp + 14d]
   1063	073D  2E: A3 0B50r					 mov cs:[regsArr + 4d],	ax
   1064
   1065	0741  8B 46 0C						 mov ax, [bp + 12d]
   1066	0744  2E: A3 0B52r					 mov cs:[regsArr + 6d],	ax
   1067
   1068	0748  8B 46 0A						 mov ax, [bp + 10d]
   1069	074B  2E: A3 0B54r					 mov cs:[regsArr + 8d],	ax
   1070
   1071	074F  8B 46 08						 mov ax, [bp + 8d]
   1072	0752  2E: A3 0B56r					 mov cs:[regsArr + 10d], ax
   1073
   1074	0756  8B 46 06						 mov ax, [bp + 6d]
   1075	0759  2E: A3 0B58r					 mov cs:[regsArr + 12d], ax
   1076
   1077	075D  8B C4						 mov ax, sp
   1078	075F  05 0020						 add ax, 16d*2
   1079	0762  2E: A3 0B5Ar					 mov cs:[regsArr + 14d], ax
   1080
   1081	0766  8B 46 04						 mov ax, [bp + 4d]
   1082	0769  2E: A3 0B5Cr					 mov cs:[regsArr + 16d], ax
   1083
Turbo Assembler	 Version 4.1	    03/01/26 15:44:22	    Page 20
regist~1.asm



   1084	076D  8B 46 02						 mov ax, [bp + 2d]
   1085	0770  2E: A3 0B5Er					 mov cs:[regsArr + 18d], ax
   1086
   1087	0774  8B 46 00						 mov ax, [bp]
   1088	0777  2E: A3 0B60r					 mov cs:[regsArr + 20d], ax
   1089
   1090	077B  8B 46 16						 mov ax, [bp + 22d]
   1091	077E  2E: A3 0B62r					 mov cs:[regsArr + 22d], ax
   1092
   1093	0782  8B 46 14						 mov ax, [bp + 20d]
   1094	0785  2E: A3 0B64r					 mov cs:[regsArr + 24d], ax
   1095
   1096	0789  8B 46 18						 mov ax, [bp + 24d]
   1097
   1098	078C  8B D0						 mov dx, ax
   1099	078E  83 E2 01						 and dx, 0000000000000001b
   1100	0791  83 FA 00						 cmp dx, 0
   1101	0794  74 06						 je @@zeroCF
   1102	0796  2E: C6 06	0B73r 01				 mov byte ptr cs:[flagsArr], 1
   1103	079C			     @@zeroCF:
   1104
   1105	079C  8B D0						 mov dx, ax
   1106	079E  83 E2 40						 and dx, 0000000001000000b
   1107	07A1  83 FA 00						 cmp dx, 0
   1108	07A4  74 06						 je @@zeroZF
   1109	07A6  2E: C6 06	0B74r 01				 mov byte ptr cs:[flagsArr + 1], 1
   1110	07AC			     @@zeroZF:
   1111	07AC  8B D0						 mov dx, ax
   1112	07AE  81 E2 0080					 and dx, 0000000010000000b
   1113	07B2  83 FA 00						 cmp dx, 0
   1114	07B5  74 06						 je @@zeroSF
   1115	07B7  2E: C6 06	0B75r 01				 mov byte ptr cs:[flagsArr + 2], 1
   1116	07BD			     @@zeroSF:
   1117	07BD  8B D0						 mov dx, ax
   1118	07BF  81 E2 0800					 and dx, 0000100000000000b
   1119	07C3  83 FA 00						 cmp dx, 0
   1120	07C6  74 06						 je @@zeroOF
   1121	07C8  2E: C6 06	0B76r 01				 mov byte ptr cs:[flagsArr + 3], 1
   1122	07CE			     @@zeroOF:
   1123	07CE  8B D0						 mov dx, ax
   1124	07D0  83 E2 04						 and dx, 0000000000000100b
   1125	07D3  83 FA 00						 cmp dx, 0
   1126	07D6  74 06						 je @@zeroPF
   1127	07D8  2E: C6 06	0B77r 01				 mov byte ptr cs:[flagsArr + 4], 1
   1128	07DE			     @@zeroPF:
   1129	07DE  8B D0						 mov dx, ax
   1130	07E0  83 E2 10						 and dx, 0000000000010000b
   1131	07E3  83 FA 00						 cmp dx, 0
   1132	07E6  74 06						 je @@zeroAF
   1133	07E8  2E: C6 06	0B78r 01				 mov byte ptr cs:[flagsArr + 5], 1
   1134	07EE			     @@zeroAF:
   1135	07EE  8B D0						 mov dx, ax
   1136	07F0  81 E2 0200					 and dx, 0000001000000000b
   1137	07F4  83 FA 00						 cmp dx, 0
   1138	07F7  74 06						 je @@zeroIF
   1139	07F9  2E: C6 06	0B79r 01				 mov byte ptr cs:[flagsArr + 6], 1
   1140	07FF			     @@zeroIF:
Turbo Assembler	 Version 4.1	    03/01/26 15:44:22	    Page 21
regist~1.asm



   1141	07FF  8B D0						 mov dx, ax
   1142	0801  81 E2 0400					 and dx, 0000010000000000b
   1143	0805  83 FA 00						 cmp dx, 0
   1144	0808  74 06						 je @@zeroDF
   1145	080A  2E: C6 06	0B7Ar 01				 mov byte ptr cs:[flagsArr + 7], 1
   1146
   1147	0810			     @@zeroDF:
   1148	0810  5A 58						 pop dx	ax
   1149	0812  C3						 ret
   1150	0813			     saveRegsAndFlags		 endp
   1151				     ;----------------------------------------------------------------------------------------------
   1152				     ;Saves registers and flags	values in buffers.
   1153				     ;Entry:
   1154				     ;Exit:
   1155				     ;Expected:			 [bp]	 = ss
   1156				     ;				 [bp+2]	 = es
   1157				     ;				 [bp+4]	 = ds
   1158				     ;				 [bp+6]	 = bp
   1159				     ;				 [bp+8]	 = di
   1160				     ;				 [bp+10] = si
   1161				     ;				 [bp+12] = dx
   1162				     ;				 [bp+14] = cx
   1163				     ;				 [bp+16] = bx
   1164				     ;				 [bp+18] = ax
   1165				     ;				 [bp+20] = ip
   1166				     ;				 [bp+22] = cs
   1167				     ;				 [bp+24] = flags
   1168				     ;Destroyed:
   1169				     ;----------------------------------------------------------------------------------------------
   1170
   1171	0813			     compareRegs		 proc
   1172	0813  BB 0402						 mov bx, AX_VM_OFFSET
   1173
   1174	0816  2E: 80 3E	0B66r 01				 cmp cs:[regChanged], 1h
   1175	081C  74 11						 je @@whiteAX
   1176	081E  8B 46 12						 mov ax, [bp + 18d]
   1177	0821  2E: 3B 06	0B4Cr					 cmp ax, cs:[regsArr]
   1178	0826  74 0D						 je @@noChangeAX
   1179	0828  2E: C6 06	0B66r 01  +				 mov cs:[regChanged], 1h
   1180	      90
   1181
   1182	082F  B9 0007		     @@whiteAX:			 mov cx, REG_STRING_LEN
   1183	0832  E8 02EB						 call makeTextWhite
   1184	0835			     @@noChangeAX:
   1185	0835  81 C3 00A0					 add bx, 80d*2
   1186
   1187	0839  2E: 80 3E	0B67r 01				 cmp cs:[regChanged + 1], 1h
   1188	083F  74 11						 je @@whiteBX
   1189	0841  8B 46 10						 mov ax, [bp + 16d]
   1190	0844  2E: 3B 06	0B4Er					 cmp ax, cs:[regsArr + 1*2]
   1191	0849  74 0D						 je @@noChangeBX
   1192	084B  2E: C6 06	0B67r 01  +				 mov cs:[regChanged + 1], 1h
   1193	      90
   1194
   1195	0852  B9 0007		     @@whiteBX:			 mov cx, REG_STRING_LEN
   1196	0855  E8 02C8						 call makeTextWhite
   1197	0858			     @@noChangeBX:
Turbo Assembler	 Version 4.1	    03/01/26 15:44:22	    Page 22
regist~1.asm



   1198	0858  81 C3 00A0					 add bx, 80d*2
   1199
   1200	085C  2E: 80 3E	0B68r 01				 cmp cs:[regChanged + 2], 1h
   1201	0862  74 11						 je @@whiteCX
   1202	0864  8B 46 0E						 mov ax, [bp + 14d]
   1203	0867  2E: 3B 06	0B50r					 cmp ax, cs:[regsArr + 2*2]
   1204	086C  74 0D						 je @@noChangeCX
   1205	086E  2E: C6 06	0B68r 01  +				 mov cs:[regChanged + 2], 1h
   1206	      90
   1207
   1208	0875  B9 0007		     @@whiteCX:			 mov cx, REG_STRING_LEN
   1209	0878  E8 02A5						 call makeTextWhite
   1210	087B			     @@noChangeCX:
   1211	087B  81 C3 00A0					 add bx, 80d*2
   1212
   1213	087F  2E: 80 3E	0B69r 01				 cmp cs:[regChanged + 3], 1h
   1214	0885  74 11						 je @@whiteDX
   1215	0887  8B 46 0C						 mov ax, [bp + 12d]
   1216	088A  2E: 3B 06	0B52r					 cmp ax, cs:[regsArr + 3*2]
   1217	088F  74 0D						 je @@noChangeDX
   1218	0891  2E: C6 06	0B69r 01  +				 mov cs:[regChanged + 3], 1h
   1219	      90
   1220
   1221	0898  B9 0007		     @@whiteDX:			 mov cx, REG_STRING_LEN
   1222	089B  E8 0282						 call makeTextWhite
   1223	089E			     @@noChangeDX:
   1224	089E  81 C3 00A0					 add bx, 80d*2
   1225
   1226	08A2  2E: 80 3E	0B6Ar 01				 cmp cs:[regChanged + 4], 1h
   1227	08A8  74 11						 je @@whiteSI
   1228	08AA  8B 46 0A						 mov ax, [bp + 10d]
   1229	08AD  2E: 3B 06	0B54r					 cmp ax, cs:[regsArr + 4*2]
   1230	08B2  74 0D						 je @@noChangeSI
   1231	08B4  2E: C6 06	0B6Ar 01  +				 mov cs:[regChanged + 4], 1h
   1232	      90
   1233
   1234	08BB  B9 0007		     @@whiteSI:			 mov cx, REG_STRING_LEN
   1235	08BE  E8 025F						 call makeTextWhite
   1236	08C1			     @@noChangeSI:
   1237	08C1  81 C3 00A0					 add bx, 80d*2
   1238
   1239	08C5  2E: 80 3E	0B6Br 01				 cmp cs:[regChanged + 5], 1h
   1240	08CB  74 11						 je @@whiteDI
   1241	08CD  8B 46 08						 mov ax, [bp + 8d]
   1242	08D0  2E: 3B 06	0B56r					 cmp ax, cs:[regsArr + 5*2]
   1243	08D5  74 0D						 je @@noChangeDI
   1244	08D7  2E: C6 06	0B6Br 01  +				 mov cs:[regChanged + 5], 1h
   1245	      90
   1246
   1247	08DE  B9 0007		     @@whiteDI:			 mov cx, REG_STRING_LEN
   1248	08E1  E8 023C						 call makeTextWhite
   1249	08E4			     @@noChangeDI:
   1250	08E4  81 C3 00A0					 add bx, 80d*2
   1251
   1252	08E8  2E: 80 3E	0B6Cr 01				 cmp cs:[regChanged + 6], 1h
   1253	08EE  74 11						 je @@whiteBP
   1254	08F0  8B 46 06						 mov ax, [bp + 6d]
Turbo Assembler	 Version 4.1	    03/01/26 15:44:22	    Page 23
regist~1.asm



   1255	08F3  2E: 3B 06	0B58r					 cmp ax, cs:[regsArr + 6*2]
   1256	08F8  74 0D						 je @@noChangeBP
   1257	08FA  2E: C6 06	0B6Cr 01  +				 mov cs:[regChanged + 6], 1h
   1258	      90
   1259
   1260	0901  B9 0007		     @@whiteBP:			 mov cx, REG_STRING_LEN
   1261	0904  E8 0219						 call makeTextWhite
   1262	0907			     @@noChangeBP:
   1263	0907  81 C3 00A0					 add bx, 80d*2
   1264
   1265	090B  2E: 80 3E	0B6Dr 01				 cmp cs:[regChanged + 7], 1h
   1266	0911  74 13						 je @@whiteSP
   1267	0913  8B C5						 mov ax, bp
   1268	0915  05 001A						 add ax, 26d
   1269	0918  2E: 3B 06	0B5Ar					 cmp ax, cs:[regsArr + 7*2]
   1270	091D  74 0D						 je @@noChangeSP
   1271	091F  2E: C6 06	0B6Dr 01  +				 mov cs:[regChanged + 7], 1h
   1272	      90
   1273
   1274	0926  B9 0007		     @@whiteSP:			 mov cx, REG_STRING_LEN
   1275	0929  E8 01F4						 call makeTextWhite
   1276	092C			     @@noChangeSP:
   1277	092C  81 C3 00A0					 add bx, 80d*2
   1278
   1279	0930  2E: 80 3E	0B6Er 01				 cmp cs:[regChanged + 8], 1h
   1280	0936  74 11						 je @@whiteDS
   1281	0938  8B 46 04						 mov ax, [bp + 4d]
   1282	093B  2E: 3B 06	0B5Cr					 cmp ax, cs:[regsArr + 8*2]
   1283	0940  74 0D						 je @@noChangeDS
   1284	0942  2E: C6 06	0B6Er 01  +				 mov cs:[regChanged + 8], 1h
   1285	      90
   1286
   1287	0949  B9 0007		     @@whiteDS:			 mov cx, REG_STRING_LEN
   1288	094C  E8 01D1						 call makeTextWhite
   1289	094F			     @@noChangeDS:
   1290	094F  81 C3 00A0					 add bx, 80d*2
   1291
   1292	0953  2E: 80 3E	0B6Fr 01				 cmp cs:[regChanged + 9], 1h
   1293	0959  74 11						 je @@whiteES
   1294	095B  8B 46 02						 mov ax, [bp + 2d]
   1295	095E  2E: 3B 06	0B5Er					 cmp ax, cs:[regsArr + 9d*2]
   1296	0963  74 0D						 je @@noChangeES
   1297	0965  2E: C6 06	0B6Fr 01  +				 mov cs:[regChanged + 9d], 1h
   1298	      90
   1299
   1300	096C  B9 0007		     @@whiteES:			 mov cx, REG_STRING_LEN
   1301	096F  E8 01AE						 call makeTextWhite
   1302	0972			     @@noChangeES:
   1303	0972  81 C3 00A0					 add bx, 80d*2
   1304
   1305	0976  2E: 80 3E	0B70r 01				 cmp cs:[regChanged + 10], 1h
   1306	097C  74 11						 je @@whiteSS
   1307	097E  8B 46 00						 mov ax, [bp]
   1308	0981  2E: 3B 06	0B60r					 cmp ax, cs:[regsArr + 10d*2]
   1309	0986  74 0D						 je @@noChangeSS
   1310	0988  2E: C6 06	0B70r 01  +				 mov cs:[regChanged + 10d], 1h
   1311	      90
Turbo Assembler	 Version 4.1	    03/01/26 15:44:22	    Page 24
regist~1.asm



   1312
   1313	098F  B9 0007		     @@whiteSS:			 mov cx, REG_STRING_LEN
   1314	0992  E8 018B						 call makeTextWhite
   1315	0995			     @@noChangeSS:
   1316	0995  81 C3 00A0					 add bx, 80d*2
   1317
   1318	0999  2E: 80 3E	0B71r 01				 cmp cs:[regChanged + 11], 1h
   1319	099F  74 11						 je @@whiteCS
   1320	09A1  8B 46 16						 mov ax, [bp + 22d]
   1321	09A4  2E: 3B 06	0B62r					 cmp ax, cs:[regsArr + 11d*2]
   1322	09A9  74 0D						 je @@noChangeCS
   1323	09AB  2E: C6 06	0B71r 01  +				 mov cs:[regChanged + 11d], 1h
   1324	      90
   1325
   1326	09B2  B9 0007		     @@whiteCS:			 mov cx, REG_STRING_LEN
   1327	09B5  E8 0168						 call makeTextWhite
   1328	09B8			     @@noChangeCS:
   1329	09B8  81 C3 00A0					 add bx, 80d*2
   1330
   1331	09BC  2E: 80 3E	0B72r 01				 cmp cs:[regChanged + 12], 1h
   1332	09C2  74 11						 je @@whiteIP
   1333	09C4  8B 46 14						 mov ax, [bp + 20d]
   1334	09C7  2E: 3B 06	0B64r					 cmp ax, cs:[regsArr + 12d*2]
   1335	09CC  74 0D						 je @@noChangeIP
   1336	09CE  2E: C6 06	0B72r 01  +				 mov cs:[regChanged + 12d], 1h
   1337	      90
   1338
   1339	09D5  B9 0007		     @@whiteIP:			 mov cx, REG_STRING_LEN
   1340	09D8  E8 0145						 call makeTextWhite
   1341	09DB			     @@noChangeIP:
   1342	09DB  C3						 ret
   1343	09DC			     compareRegs		 endp
   1344				     ;----------------------------------------------------------------------------------------------
   1345				     ;Compares current registers values	with values saved in buffer
   1346				     ;and changes the color of characters in the register line to white	color
   1347				     ;if it finds differences.
   1348				     ;Entry: bx	= video	memory offset of the start of register string
   1349				     ;Exit:
   1350				     ;Expected:
   1351				     ;Destroyed: cx
   1352				     ;----------------------------------------------------------------------------------------------
   1353
   1354	09DC			     compareFlags		 proc
   1355	09DC  8B 46 18						 mov ax, [bp + 24d]
   1356	09DF  BB 0418						 mov bx, CF_VM_OFFSET
   1357
   1358
   1359	09E2  2E: 80 3E	0B7Br 01				 cmp cs:[flagsChanged],	1h
   1360	09E8  74 13						 je @@whiteCF
   1361	09EA  8B D0						 mov dx, ax
   1362	09EC  83 E2 01						 and dx, 0000000000000001b
   1363	09EF  2E: 38 16	0B73r					 cmp cs:[flagsArr], dl
   1364	09F4  74 0D						 je @@noChangeCF
   1365	09F6  2E: C6 06	0B7Br 01  +				 mov cs:[flagsChanged],	1h
   1366	      90
   1367	09FD			     @@whiteCF:
   1368	09FD  B9 0003						 mov cx, FLAG_STRING_LEN
Turbo Assembler	 Version 4.1	    03/01/26 15:44:22	    Page 25
regist~1.asm



   1369	0A00  E8 011D						 call makeTextWhite
   1370	0A03			     @@noChangeCF:
   1371	0A03  81 C3 00A0					 add bx, 80d*2
   1372
   1373
   1374	0A07  2E: 80 3E	0B7Cr 01				 cmp cs:[flagsChanged +	1], 1h
   1375	0A0D  74 16						 je @@whiteZF
   1376	0A0F  8B D0						 mov dx, ax
   1377	0A11  83 E2 40						 and dx, 0000000001000000b
   1378	0A14  C1 EA 06						 shr dx, 6d
   1379	0A17  2E: 38 16	0B74r					 cmp cs:[flagsArr + 1],	dl
   1380	0A1C  74 0D						 je @@noChangeZF
   1381	0A1E  2E: C6 06	0B7Cr 01  +				 mov cs:[flagsChanged +	1], 1h
   1382	      90
   1383	0A25			     @@whiteZF:
   1384	0A25  B9 0003						 mov cx, FLAG_STRING_LEN
   1385	0A28  E8 00F5						 call makeTextWhite
   1386	0A2B			     @@noChangeZF:
   1387	0A2B  81 C3 00A0					 add bx, 80d*2
   1388
   1389
   1390	0A2F  2E: 80 3E	0B7Dr 01				 cmp cs:[flagsChanged +	2], 1h
   1391	0A35  74 17						 je @@whiteSF
   1392	0A37  8B D0						 mov dx, ax
   1393	0A39  81 E2 0080					 and dx, 0000000010000000b
   1394	0A3D  C1 EA 07						 shr dx, 7d
   1395	0A40  2E: 38 16	0B75r					 cmp cs:[flagsArr + 2],	dl
   1396	0A45  74 0D						 je @@noChangeSF
   1397	0A47  2E: C6 06	0B7Dr 01  +				 mov cs:[flagsChanged +	2], 1h
   1398	      90
   1399	0A4E			     @@whiteSF:
   1400	0A4E  B9 0003						 mov cx, FLAG_STRING_LEN
   1401	0A51  E8 00CC						 call makeTextWhite
   1402	0A54			     @@noChangeSF:
   1403	0A54  81 C3 00A0					 add bx, 80d*2
   1404
   1405	0A58  2E: 80 3E	0B7Er 01				 cmp cs:[flagsChanged +	3], 1h
   1406	0A5E  74 17						 je @@whiteOF
   1407	0A60  8B D0						 mov dx, ax
   1408	0A62  81 E2 0800					 and dx, 0000100000000000b
   1409	0A66  C1 EA 0B						 shr dx, 11d
   1410	0A69  2E: 38 16	0B76r					 cmp cs:[flagsArr + 3],	dl
   1411	0A6E  74 0D						 je @@noChangeOF
   1412	0A70  2E: C6 06	0B7Er 01  +				 mov cs:[flagsChanged +	3], 1h
   1413	      90
   1414	0A77			     @@whiteOF:
   1415	0A77  B9 0003						 mov cx, FLAG_STRING_LEN
   1416	0A7A  E8 00A3						 call makeTextWhite
   1417	0A7D			     @@noChangeOF:
   1418	0A7D  81 C3 00A0					 add bx, 80d*2
   1419
   1420
   1421	0A81  2E: 80 3E	0B7Fr 01				 cmp cs:[flagsChanged +	4], 1h
   1422	0A87  74 16						 je @@whitePF
   1423	0A89  8B D0						 mov dx, ax
   1424	0A8B  83 E2 04						 and dx, 0000000000000100b
   1425	0A8E  C1 EA 02						 shr dx, 2d
Turbo Assembler	 Version 4.1	    03/01/26 15:44:22	    Page 26
regist~1.asm



   1426	0A91  2E: 38 16	0B77r					 cmp cs:[flagsArr + 4],	dl
   1427	0A96  74 0D						 je @@noChangePF
   1428	0A98  2E: C6 06	0B7Fr 01  +				 mov cs:[flagsChanged +	4], 1h
   1429	      90
   1430	0A9F			     @@whitePF:
   1431	0A9F  B9 0003						 mov cx, FLAG_STRING_LEN
   1432	0AA2  E8 007B						 call makeTextWhite
   1433	0AA5			     @@noChangePF:
   1434	0AA5  81 C3 00A0					 add bx, 80d*2
   1435
   1436
   1437	0AA9  2E: 80 3E	0B80r 01				 cmp cs:[flagsChanged +	5], 1h
   1438	0AAF  74 16						 je @@whiteAF
   1439	0AB1  8B D0						 mov dx, ax
   1440	0AB3  83 E2 10						 and dx, 0000000000010000b
   1441	0AB6  C1 EA 04						 shr dx, 4d
   1442	0AB9  2E: 38 16	0B78r					 cmp cs:[flagsArr + 5],	dl
   1443	0ABE  74 0D						 je @@noChangeAF
   1444	0AC0  2E: C6 06	0B80r 01  +				 mov cs:[flagsChanged +	5], 1h
   1445	      90
   1446	0AC7			     @@whiteAF:
   1447	0AC7  B9 0003						 mov cx, FLAG_STRING_LEN
   1448	0ACA  E8 0053						 call makeTextWhite
   1449	0ACD			     @@noChangeAF:
   1450	0ACD  81 C3 00A0					 add bx, 80d*2
   1451
   1452
   1453	0AD1  2E: 80 3E	0B81r 01				 cmp cs:[flagsChanged +	6], 1h
   1454	0AD7  74 17						 je @@whiteIF
   1455	0AD9  8B D0						 mov dx, ax
   1456	0ADB  81 E2 0200					 and dx, 0000001000000000b
   1457	0ADF  C1 EA 09						 shr dx, 9d
   1458	0AE2  2E: 38 16	0B79r					 cmp cs:[flagsArr + 6],	dl
   1459	0AE7  74 0D						 je @@noChangeIF
   1460	0AE9  2E: C6 06	0B81r 01  +				 mov cs:[flagsChanged +	6], 1h
   1461	      90
   1462	0AF0			     @@whiteIF:
   1463	0AF0  B9 0003						 mov cx, FLAG_STRING_LEN
   1464	0AF3  E8 002A						 call makeTextWhite
   1465	0AF6			     @@noChangeIF:
   1466	0AF6  81 C3 00A0					 add bx, 80d*2
   1467
   1468
   1469	0AFA  2E: 80 3E	0B82r 01				 cmp cs:[flagsChanged +	7], 1h
   1470	0B00  74 17						 je @@whiteDF
   1471	0B02  8B D0						 mov dx, ax
   1472	0B04  81 E2 0400					 and dx, 0000010000000000b
   1473	0B08  C1 EA 0A						 shr dx, 10d
   1474	0B0B  2E: 38 16	0B7Ar					 cmp cs:[flagsArr + 7],	dl
   1475	0B10  74 0D						 je @@noChangeDF
   1476	0B12  2E: C6 06	0B82r 01  +				 mov cs:[flagsChanged +	7], 1h
   1477	      90
   1478	0B19			     @@whiteDF:
   1479	0B19  B9 0003						 mov cx, FLAG_STRING_LEN
   1480	0B1C  E8 0001						 call makeTextWhite
   1481	0B1F			     @@noChangeDF:
   1482	0B1F  C3						 ret
Turbo Assembler	 Version 4.1	    03/01/26 15:44:22	    Page 27
regist~1.asm



   1483	0B20			     compareFlags		 endp
   1484
   1485
   1486
   1487
   1488	0B20			     makeTextWhite		 proc
   1489	0B20  53						 push bx
   1490
   1491
   1492	0B21  26: C6 47	01 3F	     @@regString:		 mov byte ptr es:[bx + 1], WHITE_ON_CYAN_ATTRIBUTE
   1493	0B26  83 C3 02						 add bx, 2d
   1494	0B29  E2 F6						 loop @@regString
   1495
   1496	0B2B  5B						 pop bx
   1497	0B2C  C3						 ret
   1498	0B2D			     makeTextWhite		 endp
   1499				     ;----------------------------------------------------------------------------------------------
   1500				     ;Changes the color	of characters in the line to white color.
   1501				     ;Entry: bx	= video	memory offset of the start of the string
   1502				     ;	     cx	= length of the	string
   1503				     ;Exit:
   1504				     ;Expected:
   1505				     ;Destroyed: cx
   1506				     ;----------------------------------------------------------------------------------------------
   1507
   1508	0B2D			     initChangingArrs		 proc
   1509	0B2D  32 C0						 xor al, al
   1510	0B2F  33 FF						 xor di, di
   1511
   1512	0B31  B9 000D						 mov cx, 13d
   1513
   1514	0B34  2E: 88 85	0B66r	     @@continue1:		 mov byte ptr cs:[regChanged + di], al
   1515	0B39  47						 inc di
   1516	0B3A  E2 F8						 loop @@continue1
   1517
   1518	0B3C  B9 0008						 mov cx, 8d
   1519	0B3F  33 FF						 xor di, di
   1520	0B41  2E: 88 85	0B7Br	     @@continue2:		 mov byte ptr cs:[flagsChanged + di], al
   1521	0B46  47						 inc di
   1522	0B47  E2 F8						 loop @@continue2
   1523
   1524	0B49  C3						 ret
   1525	0B4A			     initChangingArrs		 endp
   1526				     ;----------------------------------------------------------------------------------------------
   1527				     ;Inits arrays "regChanged"	and "flagsChanged" with	zeroes.
   1528				     ;Entry:
   1529				     ;Exit:
   1530				     ;Expected:
   1531				     ;Destroyed: al, di, cx
   1532				     ;----------------------------------------------------------------------------------------------
   1533
   1534	0B4A  00		     printfRegsFlag		 db  0
   1535	0B4B  00		     saveRegsFlag		 db  0
   1536	0B4C  0D*(0000)		     regsArr			 dw  13	dup(0)
   1537	0B66  0D*(00)		     regChanged			 db  13	dup(0)
   1538
   1539	0B73  08*(00)		     flagsArr			 db  8 dup(0)
Turbo Assembler	 Version 4.1	    03/01/26 15:44:22	    Page 28
regist~1.asm



   1540	0B7B  08*(00)		     flagsChanged		 db  8 dup(0)
   1541
   1542	0B83			     endOfProgram:
   1543				     end			 Start
Turbo Assembler	 Version 4.1	    03/01/26 15:44:22	    Page 29
Symbol Table




Symbol Name			  Type	 Value

??DATE				  Text	 "03/01/26"
??FILENAME			  Text	 "regist~1"
??TIME				  Text	 "15:44:21"
??VERSION			  Number 040A
@32BIT				  Text	 0
@@ALREADYSAVED			  Near	 DGROUP:020E
@@CMPROW			  Near	 DGROUP:066E
@@CMPSHADOWCOLUMN		  Near	 DGROUP:070A
@@CMPSHADOWROW			  Near	 DGROUP:06E8
@@CMPWORD			  Near	 DGROUP:0674
@@CONTINUE			  Near	 DGROUP:01EF
@@CONTINUE1			  Near	 DGROUP:0B34
@@CONTINUE2			  Near	 DGROUP:0B41
@@COPYROW			  Near	 DGROUP:0644
@@END				  Near	 DGROUP:034C
@@MODEOFF			  Near	 DGROUP:0173
@@MODEON			  Near	 DGROUP:013F
@@NEXTELEM			  Near	 DGROUP:04A3
@@NEXTELEM			  Near	 DGROUP:05B3
@@NOCHANGE			  Near	 DGROUP:0688
@@NOCHANGEAF			  Near	 DGROUP:0ACD
@@NOCHANGEAX			  Near	 DGROUP:0835
@@NOCHANGEBP			  Near	 DGROUP:0907
@@NOCHANGEBX			  Near	 DGROUP:0858
@@NOCHANGECF			  Near	 DGROUP:0A03
@@NOCHANGECS			  Near	 DGROUP:09B8
@@NOCHANGECX			  Near	 DGROUP:087B
@@NOCHANGEDF			  Near	 DGROUP:0B1F
@@NOCHANGEDI			  Near	 DGROUP:08E4
@@NOCHANGEDS			  Near	 DGROUP:094F
@@NOCHANGEDX			  Near	 DGROUP:089E
@@NOCHANGEES			  Near	 DGROUP:0972
@@NOCHANGEIF			  Near	 DGROUP:0AF6
@@NOCHANGEINCOLUMN		  Near	 DGROUP:0729
@@NOCHANGEINROW			  Near	 DGROUP:0705
@@NOCHANGEIP			  Near	 DGROUP:09DB
@@NOCHANGEOF			  Near	 DGROUP:0A7D
@@NOCHANGEPF			  Near	 DGROUP:0AA5
@@NOCHANGESF			  Near	 DGROUP:0A54
@@NOCHANGESI			  Near	 DGROUP:08C1
@@NOCHANGESP			  Near	 DGROUP:092C
@@NOCHANGESS			  Near	 DGROUP:0995
@@NOCHANGEZF			  Near	 DGROUP:0A2B
@@NORMALMODE			  Near	 DGROUP:0128
@@NOTDARK			  Near	 DGROUP:06A9
@@NOTLETTER1			  Near	 DGROUP:0363
@@NOTLETTER2			  Near	 DGROUP:0377
@@NOTLETTER3			  Near	 DGROUP:038B
@@NOTLETTER4			  Near	 DGROUP:039F
@@PRINTFBYTE			  Near	 DGROUP:0505
@@REGSTRING			  Near	 DGROUP:0B21
@@SHADOWCOLUMN			  Near	 DGROUP:06C3
@@SHADOWROW			  Near	 DGROUP:06B1
@@WHITEAF			  Near	 DGROUP:0AC7
Turbo Assembler	 Version 4.1	    03/01/26 15:44:22	    Page 30
Symbol Table



@@WHITEAX			  Near	 DGROUP:082F
@@WHITEBP			  Near	 DGROUP:0901
@@WHITEBX			  Near	 DGROUP:0852
@@WHITECF			  Near	 DGROUP:09FD
@@WHITECS			  Near	 DGROUP:09B2
@@WHITECX			  Near	 DGROUP:0875
@@WHITEDF			  Near	 DGROUP:0B19
@@WHITEDI			  Near	 DGROUP:08DE
@@WHITEDS			  Near	 DGROUP:0949
@@WHITEDX			  Near	 DGROUP:0898
@@WHITEES			  Near	 DGROUP:096C
@@WHITEIF			  Near	 DGROUP:0AF0
@@WHITEIP			  Near	 DGROUP:09D5
@@WHITEOF			  Near	 DGROUP:0A77
@@WHITEPF			  Near	 DGROUP:0A9F
@@WHITESF			  Near	 DGROUP:0A4E
@@WHITESI			  Near	 DGROUP:08BB
@@WHITESP			  Near	 DGROUP:0926
@@WHITESS			  Near	 DGROUP:098F
@@WHITEZF			  Near	 DGROUP:0A25
@@ZEROAF			  Near	 DGROUP:0410
@@ZEROAF			  Near	 DGROUP:07EE
@@ZEROCF			  Near	 DGROUP:03BE
@@ZEROCF			  Near	 DGROUP:079C
@@ZERODF			  Near	 DGROUP:0432
@@ZERODF			  Near	 DGROUP:0810
@@ZEROIF			  Near	 DGROUP:0421
@@ZEROIF			  Near	 DGROUP:07FF
@@ZEROOF			  Near	 DGROUP:03F0
@@ZEROOF			  Near	 DGROUP:07CE
@@ZEROPF			  Near	 DGROUP:0400
@@ZEROPF			  Near	 DGROUP:07DE
@@ZEROSF			  Near	 DGROUP:03DF
@@ZEROSF			  Near	 DGROUP:07BD
@@ZEROZF			  Near	 DGROUP:03CE
@@ZEROZF			  Near	 DGROUP:07AC
@CODE				  Text	 DGROUP
@CODESIZE			  Text	 0
@CPU				  Text	 0707H
@CURSEG				  Text	 _TEXT
@DATA				  Text	 DGROUP
@DATASIZE			  Text	 0
@FILENAME			  Text	 REGIST~1
@INTERFACE			  Text	 000H
@MODEL				  Text	 1
@STACK				  Text	 DGROUP
@WORDSIZE			  Text	 2
AX_VM_OFFSET			  Number 0402
CF_VM_OFFSET			  Number 0418
COMPAREFLAGS			  Near	 DGROUP:09DC
COMPAREREGS			  Near	 DGROUP:0813
COPYFRAME			  Near	 DGROUP:063D
COPYSHADOW			  Near	 DGROUP:069F
DRAW_BUFFER_VM_SEGMENT		  Number BD00
ENDOFPROGRAM			  Near	 DGROUP:0B83
ENDRESIDENTPROGRAM		  Near	 DGROUP:010E
FLAGSARR			  Byte	 DGROUP:0B73
Turbo Assembler	 Version 4.1	    03/01/26 15:44:22	    Page 31
Symbol Table



FLAGSCHANGED			  Byte	 DGROUP:0B7B
FLAG_STRING_LEN			  Number 0003
FRAME_FIRST_ELEM_OFFSET		  Number 021C
FRAME_ROW_WIDTH			  Number 0014
GETFRAMEVIDEOMEMORYOFFSET	  Near	 DGROUP:04DB
INITCHANGINGARRS		  Near	 DGROUP:0B2D
MAKETEXTWHITE			  Near	 DGROUP:0B20
NUM_OF_FRAME_ROWS		  Number 0013
OLD08OFS			  Word	 DGROUP:034D
OLD08SEG			  Word	 DGROUP:034F
OLD09OFS			  Word	 DGROUP:013B
OLD09SEG			  Word	 DGROUP:013D
PRINTFFLAGS			  Near	 DGROUP:03A4
PRINTFFLAGSCOLUMN		  Near	 DGROUP:0433
PRINTFFRAMEBACKGROUND		  Near	 DGROUP:04AB
PRINTFFRAMEBACKGROUNDSTRING	  Near	 DGROUP:0505
PRINTFFRAMEFOREGROUND		  Near	 DGROUP:050F
PRINTFFRAMESTR			  Near	 DGROUP:04B7
PRINTFHEXREGVALUE		  Near	 DGROUP:0351
PRINTFINTERNALFRAME		  Near	 DGROUP:05BB
PRINTFREGISTERSFRAME		  Near	 DGROUP:05F1
PRINTFREGS08INT			  Near	 DGROUP:01E4
PRINTFREGSFLAG			  Byte	 DGROUP:0B4A
PRINTFVERTICALSTRING		  Near	 DGROUP:0499
PRINTHORIZONTALSTRING		  Near	 DGROUP:05A9
REGCHANGED			  Byte	 DGROUP:0B66
REGISTERSDEBUGGER09INT		  Near	 DGROUP:011A
REGSARR				  Word	 DGROUP:0B4C
REG_STRING_LEN			  Number 0007
REPLACE08INT			  Near	 DGROUP:01C1
REPLACE09INT			  Near	 DGROUP:019E
SAVEREGSANDFLAGS		  Near	 DGROUP:072D
SAVEREGSFLAG			  Byte	 DGROUP:0B4B
SAVE_BUFFER_VM_SEGMENT		  Number BE00
SCREEN_VM_SEGMENT		  Number B800
SHADOW_ATTRIBUTE		  Number 0007
SHADOW_LEFT_ELEM_OFFSET		  Number 0DFC
START				  Near	 DGROUP:0100
UPDATESAVEBUFFER		  Near	 DGROUP:065A
UPDATESAVESHADOW		  Near	 DGROUP:06D5
WHITE_ON_CYAN_ATTRIBUTE		  Number 003F

Groups & Segments		  Bit Size Align  Combine Class

DGROUP				  Group
  _DATA				  16  0000 Word	  Public  DATA
  _TEXT				  16  0B83 Word	  Public  CODE
